.
----------------------------------------------------------------------
Ran 1 test in 0.006s

OK
.
----------------------------------------------------------------------
Ran 1 test in 0.006s

OK
/home/dongzi/cla2021/cla2021venv/lib/python3.8/site-packages/sklearn/linear_model/_logistic.py:763: ConvergenceWarning: lbfgs failed to converge (status=1):
STOP: TOTAL NO. of ITERATIONS REACHED LIMIT.

Increase the number of iterations (max_iter) or scale the data as shown in:
    https://scikit-learn.org/stable/modules/preprocessing.html
Please also refer to the documentation for alternative solver options:
    https://scikit-learn.org/stable/modules/linear_model.html#logistic-regression
  n_iter_i = _check_optimize_result(
/home/dongzi/cla2021/cla2021venv/lib/python3.8/site-packages/sklearn/linear_model/_logistic.py:763: ConvergenceWarning: lbfgs failed to converge (status=1):
STOP: TOTAL NO. of ITERATIONS REACHED LIMIT.

Increase the number of iterations (max_iter) or scale the data as shown in:
    https://scikit-learn.org/stable/modules/preprocessing.html
Please also refer to the documentation for alternative solver options:
    https://scikit-learn.org/stable/modules/linear_model.html#logistic-regression
  n_iter_i = _check_optimize_result(
/home/dongzi/cla2021/cla2021venv/lib/python3.8/site-packages/sklearn/linear_model/_logistic.py:763: ConvergenceWarning: lbfgs failed to converge (status=1):
STOP: TOTAL NO. of ITERATIONS REACHED LIMIT.

Increase the number of iterations (max_iter) or scale the data as shown in:
    https://scikit-learn.org/stable/modules/preprocessing.html
Please also refer to the documentation for alternative solver options:
    https://scikit-learn.org/stable/modules/linear_model.html#logistic-regression
  n_iter_i = _check_optimize_result(
/home/dongzi/cla2021/cla2021venv/lib/python3.8/site-packages/sklearn/svm/_base.py:985: ConvergenceWarning: Liblinear failed to converge, increase the number of iterations.
  warnings.warn("Liblinear failed to converge, increase "
/home/dongzi/cla2021/cla2021venv/lib/python3.8/site-packages/sklearn/svm/_base.py:985: ConvergenceWarning: Liblinear failed to converge, increase the number of iterations.
  warnings.warn("Liblinear failed to converge, increase "
.
----------------------------------------------------------------------
Ran 1 test in 49.183s

OK
.
----------------------------------------------------------------------
Ran 1 test in 0.001s

OK
.
----------------------------------------------------------------------
Ran 1 test in 0.001s

OK
.
----------------------------------------------------------------------
Ran 1 test in 0.001s

OK
.
----------------------------------------------------------------------
Ran 1 test in 0.001s

OK
.
----------------------------------------------------------------------
Ran 1 test in 0.001s

OK
.
----------------------------------------------------------------------
Ran 1 test in 0.001s

OK
.
----------------------------------------------------------------------
Ran 1 test in 0.001s

OK
.
----------------------------------------------------------------------
Ran 1 test in 0.001s

OK
.
----------------------------------------------------------------------
Ran 1 test in 0.001s

OK
.
----------------------------------------------------------------------
Ran 1 test in 0.001s

OK
.
----------------------------------------------------------------------
Ran 1 test in 0.000s

OK
.
----------------------------------------------------------------------
Ran 1 test in 0.001s

OK
[[14.0, 11.0, 0.0, 0.0], [11.0, 11.0, 13.0, 0.0]]
[[14.0, 11.0, 0.0, 0.0], [11.0, 11.0, 13.0, 0.0]]
.
----------------------------------------------------------------------
Ran 1 test in 0.001s

OK
.
----------------------------------------------------------------------
Ran 1 test in 0.006s

OK
.
----------------------------------------------------------------------
Ran 1 test in 0.007s

OK
